Arguments: 
  /opt/homebrew/Cellar/node/20.5.0/bin/node /opt/homebrew/Cellar/yarn/1.22.19/libexec/bin/yarn.js

PATH: 
  /opt/homebrew/bin:/opt/homebrew/sbin:/usr/local/bin:/System/Cryptexes/App/usr/bin:/usr/bin:/bin:/usr/sbin:/sbin:/Library/Apple/usr/bin:/opt/homebrew/bin:/opt/homebrew/sbin

Yarn version: 
  1.22.19

Node version: 
  20.5.0

Platform: 
  darwin arm64

Trace: 
  SyntaxError: /Users/david/Documents/code/roloc/package.json: Expected ',' or '}' after property value in JSON at position 498
      at JSON.parse (<anonymous>)
      at /opt/homebrew/Cellar/yarn/1.22.19/libexec/lib/cli.js:1629:59
      at Generator.next (<anonymous>)
      at step (/opt/homebrew/Cellar/yarn/1.22.19/libexec/lib/cli.js:310:30)
      at /opt/homebrew/Cellar/yarn/1.22.19/libexec/lib/cli.js:321:13

npm manifest: 
  {
    "name": "roloc",
    "version": "1.0.0",
    "scripts": {
      "start": "expo start --dev-client",
      "dev": "expo start  --dev-client",
      "android": "expo run:android",
      "ios": "expo run:ios",
      "web": "expo start --web",
      "update": "eas update --auto",
      "build:ios": "eas build --platform ios",
      "build:android": "eas build --platform android",
      "build:all": "eas build --platform all",
      "build:local": "eas build --profile development --platform ios",
      "tsc": "tsc"
      // "postinstall": "react-native setup-ios-permissions && pod-install"
    },
    "reactNativePermissionsIOS": [
      "AppTrackingTransparency",
      "BluetoothPeripheral",
      "Calendars",
      "Camera",
      "Contacts",
      "FaceID",
      "LocationAccuracy",
      "LocationAlways",
      "LocationWhenInUse",
      "MediaLibrary",
      "Microphone",
      "Motion",
      "Notifications",
      "PhotoLibrary",
      "PhotoLibraryAddOnly",
      "Reminders",
      "Siri",
      "SpeechRecognition",
      "StoreKit"
    ],
    "dependencies": {
      "@react-native-async-storage/async-storage": "1.17.11",
      "@react-native-firebase/analytics": "^18.3.0",
      "@react-native-firebase/app": "^18.3.0",
      "@react-native-firebase/auth": "^18.3.0",
      "@react-native-firebase/crashlytics": "^18.3.0",
      "@react-native-firebase/database": "^18.3.0",
      "@react-native-firebase/firestore": "^18.3.0",
      "@react-native-firebase/perf": "^18.3.0",
      "@types/react": "~18.0.27",
      "clsx": "^2.0.0",
      "expo": "~48.0.18",
      "expo-av": "~13.2.1",
      "expo-build-properties": "~0.6.0",
      "expo-dev-client": "~2.2.1",
      "expo-splash-screen": "~0.18.2",
      "expo-status-bar": "~1.4.4",
      "firebase": "^10.1.0",
      "nativewind": "^2.0.11",
      "react": "18.2.0",
      "react-native": "0.71.8",
      "react-native-drag-and-drop": "^1.0.0",
      "react-native-gesture-handler": "~2.9.0",
      "react-native-google-mobile-ads": "^11.4.1",
      "react-native-permissions": "^3.8.4",
      "react-native-reanimated": "~2.14.4",
      "tailwind-merge": "^1.14.0",
      "typescript": "^4.9.4",
      "zustand": "^4.3.9"
    },
    "devDependencies": {
      "@babel/core": "^7.20.0",
      "babel-plugin-module-resolver": "^5.0.0",
      "tailwindcss": "3.3.2",
      "pod-install": "0.1.38"
    },
    "private": true
  }

yarn manifest: 
  No manifest

Lockfile: 
  No lockfile
